d:\users\alex\documents\2dengine-master\2dengine-master\vs\debug\vc141.pdb
d:\users\alex\documents\2dengine-master\2dengine-master\vs\debug\vc141.idb
d:\users\alex\documents\2dengine-master\2dengine-master\vs\debug\background.obj
d:\users\alex\documents\2dengine-master\2dengine-master\vs\debug\collidebox.obj
d:\users\alex\documents\2dengine-master\2dengine-master\vs\debug\collision.obj
d:\users\alex\documents\2dengine-master\2dengine-master\vs\debug\display.obj
d:\users\alex\documents\2dengine-master\2dengine-master\vs\debug\enemy.obj
d:\users\alex\documents\2dengine-master\2dengine-master\vs\debug\entity.obj
d:\users\alex\documents\2dengine-master\2dengine-master\vs\debug\game.obj
d:\users\alex\documents\2dengine-master\2dengine-master\vs\debug\hud.obj
d:\users\alex\documents\2dengine-master\2dengine-master\vs\debug\input.obj
d:\users\alex\documents\2dengine-master\2dengine-master\vs\debug\main.obj
d:\users\alex\documents\2dengine-master\2dengine-master\vs\debug\movement.obj
d:\users\alex\documents\2dengine-master\2dengine-master\vs\debug\player.obj
d:\users\alex\documents\2dengine-master\2dengine-master\vs\debug\queue.obj
d:\users\alex\documents\2dengine-master\2dengine-master\vs\debug\texttexture.obj
d:\users\alex\documents\2dengine-master\2dengine-master\vs\debug\texture.obj
d:\users\alex\documents\2dengine-master\2dengine-master\vs\debug\tile.obj
d:\users\alex\documents\2dengine-master\2dengine-master\vs\debug\world.obj
d:\users\alex\documents\2dengine-master\2dengine-master\vs\debug\camera.obj
d:\users\alex\documents\2dengine-master\2dengine-master\debug\kawaii.exe
d:\users\alex\documents\2dengine-master\2dengine-master\debug\kawaii.ilk
d:\users\alex\documents\2dengine-master\2dengine-master\debug\kawaii.pdb
d:\users\alex\documents\2dengine-master\2dengine-master\vs\debug\kawaii.tlog\cl.command.1.tlog
d:\users\alex\documents\2dengine-master\2dengine-master\vs\debug\kawaii.tlog\cl.read.1.tlog
d:\users\alex\documents\2dengine-master\2dengine-master\vs\debug\kawaii.tlog\cl.write.1.tlog
d:\users\alex\documents\2dengine-master\2dengine-master\vs\debug\kawaii.tlog\link.command.1.tlog
d:\users\alex\documents\2dengine-master\2dengine-master\vs\debug\kawaii.tlog\link.read.1.tlog
d:\users\alex\documents\2dengine-master\2dengine-master\vs\debug\kawaii.tlog\link.write.1.tlog
